<?xml version="1.0" encoding="UTF-8"?>
<!-- Generated by org.testng.reporters.JUnitReportReporter -->
<testsuite hostname="DESKTOP-7J2PE0F" failures="0" tests="3" name="TestRunner.TestRunner1" time="46.203" errors="1" timestamp="2023-03-04T00:15:46 GMT" skipped="0">
  <testcase classname="TestRunner.TestRunner1" name="runScenario" time="10.469"/>
  <system-out>
    <![CDATA[expected [Smartbazaar – World of Asian Foods] but found [Smartbazaar - World of Asian Foods]
Fail]]>
  </system-out>
  <testcase classname="TestRunner.TestRunner1" name="runScenario" time="16.717">
    <error message="element click intercepted: Element &lt;a href=&quot;https://www.smartbazaar.co.uk/product/asali-kala-jeera-rice-1kg/&quot;&gt;...&lt;/a&gt; is not clickable at point (100, 512). Other element would receive the click: &lt;div id=&quot;cookie-law-info-bar&quot; data-nosnippet=&quot;true&quot; style=&quot;background-color: rgb(255, 255, 255); color: rgb(0, 0, 0); font-family: inherit; bottom: 0px; position: fixed; display: block;&quot;&gt;...&lt;/div&gt;
  (Session info: chrome=110.0.5481.177)
Build info: version: &#039;4.7.2&#039;, revision: &#039;4d4020c3b7&#039;
System info: os.name: &#039;Windows 10&#039;, os.arch: &#039;amd64&#039;, os.version: &#039;10.0&#039;, java.version: &#039;11.0.16.1&#039;
Driver info: org.openqa.selenium.chrome.ChromeDriver
Command: [1f028ebc547de04f76440d09f120466a, clickElement {id=f11f3f75-a2e9-4237-a775-c92ffc800845}]
Capabilities {acceptInsecureCerts: false, browserName: chrome, browserVersion: 110.0.5481.177, chrome: {chromedriverVersion: 110.0.5481.77 (65ed616c6e8e..., userDataDir: C:\Users\kanag\AppData\Loca...}, goog:chromeOptions: {debuggerAddress: localhost:61134}, networkConnectionEnabled: false, pageLoadStrategy: normal, platformName: WINDOWS, proxy: Proxy(), se:cdp: ws://localhost:61134/devtoo..., se:cdpVersion: 110.0.5481.177, setWindowRect: true, strictFileInteractability: false, timeouts: {implicit: 0, pageLoad: 300000, script: 30000}, unhandledPromptBehavior: dismiss and notify, webauthn:extension:credBlob: true, webauthn:extension:largeBlob: true, webauthn:virtualAuthenticators: true}
Element: [[[[ChromeDriver: chrome on WINDOWS (1f028ebc547de04f76440d09f120466a)] -&gt; xpath: //ul[@class=&#039;products columns-5&#039;]]] -&gt; xpath: .//li/div/div/div[3]/div/h4/a]
Session ID: 1f028ebc547de04f76440d09f120466a" type="org.openqa.selenium.ElementClickInterceptedException">
      <![CDATA[org.openqa.selenium.ElementClickInterceptedException: element click intercepted: Element <a href="https://www.smartbazaar.co.uk/product/asali-kala-jeera-rice-1kg/">...</a> is not clickable at point (100, 512). Other element would receive the click: <div id="cookie-law-info-bar" data-nosnippet="true" style="background-color: rgb(255, 255, 255); color: rgb(0, 0, 0); font-family: inherit; bottom: 0px; position: fixed; display: block;">...</div>
  (Session info: chrome=110.0.5481.177)
Build info: version: '4.7.2', revision: '4d4020c3b7'
System info: os.name: 'Windows 10', os.arch: 'amd64', os.version: '10.0', java.version: '11.0.16.1'
Driver info: org.openqa.selenium.chrome.ChromeDriver
Command: [1f028ebc547de04f76440d09f120466a, clickElement {id=f11f3f75-a2e9-4237-a775-c92ffc800845}]
Capabilities {acceptInsecureCerts: false, browserName: chrome, browserVersion: 110.0.5481.177, chrome: {chromedriverVersion: 110.0.5481.77 (65ed616c6e8e..., userDataDir: C:\Users\kanag\AppData\Loca...}, goog:chromeOptions: {debuggerAddress: localhost:61134}, networkConnectionEnabled: false, pageLoadStrategy: normal, platformName: WINDOWS, proxy: Proxy(), se:cdp: ws://localhost:61134/devtoo..., se:cdpVersion: 110.0.5481.177, setWindowRect: true, strictFileInteractability: false, timeouts: {implicit: 0, pageLoad: 300000, script: 30000}, unhandledPromptBehavior: dismiss and notify, webauthn:extension:credBlob: true, webauthn:extension:largeBlob: true, webauthn:virtualAuthenticators: true}
Element: [[[[ChromeDriver: chrome on WINDOWS (1f028ebc547de04f76440d09f120466a)] -> xpath: //ul[@class='products columns-5']]] -> xpath: .//li/div/div/div[3]/div/h4/a]
Session ID: 1f028ebc547de04f76440d09f120466a
at java.base/jdk.internal.reflect.NativeConstructorAccessorImpl.newInstance0(Native Method)
at java.base/jdk.internal.reflect.NativeConstructorAccessorImpl.newInstance(NativeConstructorAccessorImpl.java:62)
at java.base/jdk.internal.reflect.DelegatingConstructorAccessorImpl.newInstance(DelegatingConstructorAccessorImpl.java:45)
at java.base/java.lang.reflect.Constructor.newInstance(Constructor.java:490)
at org.openqa.selenium.remote.codec.w3c.W3CHttpResponseCodec.createException(W3CHttpResponseCodec.java:200)
at org.openqa.selenium.remote.codec.w3c.W3CHttpResponseCodec.decode(W3CHttpResponseCodec.java:133)
at org.openqa.selenium.remote.codec.w3c.W3CHttpResponseCodec.decode(W3CHttpResponseCodec.java:53)
at org.openqa.selenium.remote.HttpCommandExecutor.execute(HttpCommandExecutor.java:184)
at org.openqa.selenium.remote.service.DriverCommandExecutor.invokeExecute(DriverCommandExecutor.java:167)
at org.openqa.selenium.remote.service.DriverCommandExecutor.execute(DriverCommandExecutor.java:142)
at org.openqa.selenium.remote.RemoteWebDriver.execute(RemoteWebDriver.java:535)
at org.openqa.selenium.remote.RemoteWebElement.execute(RemoteWebElement.java:257)
at org.openqa.selenium.remote.RemoteWebElement.click(RemoteWebElement.java:78)
at org.example.Pages.Page2.productSelection(Page2.java:31)
at StepDefinition.Test2.user_selects_the_from_the_list(Test2.java:40)
at ✽.User selects the 'ASALI KALA JEERA RICE (1KG)' from the list(file:///C:/Users/kanag/IdeaProjects/CucumberExample/src/test/resources/Feature/Test2.feature:9)
]]>
    </error>
  </testcase> <!-- runScenario -->
  <system-out/>
  <testcase classname="TestRunner.TestRunner1" name="runScenario" time="19.017"/>
  <system-out/>
</testsuite> <!-- TestRunner.TestRunner1 -->
