<html>
<head>
<title>TestNG:  CucumberExample</title>
<link href="../testng.css" rel="stylesheet" type="text/css" />
<link href="../my-testng.css" rel="stylesheet" type="text/css" />

<style type="text/css">
.log { display: none;} 
.stack-trace { display: none;} 
</style>
<script type="text/javascript">
<!--
function flip(e) {
  current = e.style.display;
  if (current == 'block') {
    e.style.display = 'none';
    return 0;
  }
  else {
    e.style.display = 'block';
    return 1;
  }
}

function toggleBox(szDivId, elem, msg1, msg2)
{
  var res = -1;  if (document.getElementById) {
    res = flip(document.getElementById(szDivId));
  }
  else if (document.all) {
    // this is the way old msie versions work
    res = flip(document.all[szDivId]);
  }
  if(elem) {
    if(res == 0) elem.innerHTML = msg1; else elem.innerHTML = msg2;
  }

}

function toggleAllBoxes() {
  if (document.getElementsByTagName) {
    d = document.getElementsByTagName('div');
    for (i = 0; i < d.length; i++) {
      if (d[i].className == 'log') {
        flip(d[i]);
      }
    }
  }
}

// -->
</script>

</head>
<body>
<h2 align='center'>CucumberExample</h2><table border='1' align="center">
<tr>
<td>Tests passed/Failed/Skipped:</td><td>2/1/0</td>
</tr><tr>
<td>Started on:</td><td>Sat Mar 04 00:14:58 GMT 2023</td>
</tr>
<tr><td>Total time:</td><td>47 seconds (47489 ms)</td>
</tr><tr>
<td>Included groups:</td><td></td>
</tr><tr>
<td>Excluded groups:</td><td></td>
</tr>
</table><p/>
<small><i>(Hover the method name to see the test class name)</i></small><p/>
<table width='100%' border='1' class='invocation-failed'>
<tr><td colspan='4' align='center'><b>FAILED TESTS</b></td></tr>
<tr><td><b>Test method</b></td>
<td width="30%"><b>Exception</b></td>
<td width="10%"><b>Time (seconds)</b></td>
<td><b>Instance</b></td>
</tr>
<tr>
<td title='TestRunner.TestRunner1.runScenario()'><b>runScenario</b><br>Test class: TestRunner.TestRunner1<br>Test method: Runs Cucumber Scenarios<br>Parameters: "User wants to search the products", "To check the Functionality of the screen"</td>
<td><div><pre>org.openqa.selenium.ElementClickInterceptedException: element click intercepted: Element &lt;a href=&quot;https://www.smartbazaar.co.uk/product/asali-kala-jeera-rice-1kg/&quot;&gt;...&lt;/a&gt; is not clickable at point (100, 512). Other element would receive the click: &lt;div id=&quot;cookie-law-info-bar&quot; data-nosnippet=&quot;true&quot; style=&quot;background-color: rgb(255, 255, 255); color: rgb(0, 0, 0); font-family: inherit; bottom: 0px; position: fixed; display: block;&quot;&gt;...&lt;/div&gt;
  (Session info: chrome=110.0.5481.177)
Build info: version: &apos;4.7.2&apos;, revision: &apos;4d4020c3b7&apos;
System info: os.name: &apos;Windows 10&apos;, os.arch: &apos;amd64&apos;, os.version: &apos;10.0&apos;, java.version: &apos;11.0.16.1&apos;
Driver info: org.openqa.selenium.chrome.ChromeDriver
Command: [1f028ebc547de04f76440d09f120466a, clickElement {id=f11f3f75-a2e9-4237-a775-c92ffc800845}]
Capabilities {acceptInsecureCerts: false, browserName: chrome, browserVersion: 110.0.5481.177, chrome: {chromedriverVersion: 110.0.5481.77 (65ed616c6e8e..., userDataDir: C:\Users\kanag\AppData\Loca...}, goog:chromeOptions: {debuggerAddress: localhost:61134}, networkConnectionEnabled: false, pageLoadStrategy: normal, platformName: WINDOWS, proxy: Proxy(), se:cdp: ws://localhost:61134/devtoo..., se:cdpVersion: 110.0.5481.177, setWindowRect: true, strictFileInteractability: false, timeouts: {implicit: 0, pageLoad: 300000, script: 30000}, unhandledPromptBehavior: dismiss and notify, webauthn:extension:credBlob: true, webauthn:extension:largeBlob: true, webauthn:virtualAuthenticators: true}
Element: [[[[ChromeDriver: chrome on WINDOWS (1f028ebc547de04f76440d09f120466a)] -&gt; xpath: //ul[@class=&apos;products columns-5&apos;]]] -&gt; xpath: .//li/div/div/div[3]/div/h4/a]
Session ID: 1f028ebc547de04f76440d09f120466a
	at org.openqa.selenium.remote.codec.w3c.W3CHttpResponseCodec.createException(W3CHttpResponseCodec.java:200)
	at org.openqa.selenium.remote.codec.w3c.W3CHttpResponseCodec.decode(W3CHttpResponseCodec.java:133)
	at org.openqa.selenium.remote.codec.w3c.W3CHttpResponseCodec.decode(W3CHttpResponseCodec.java:53)
	at org.openqa.selenium.remote.HttpCommandExecutor.execute(HttpCommandExecutor.java:184)
	at org.openqa.selenium.remote.service.DriverCommandExecutor.invokeExecute(DriverCommandExecutor.java:167)
	at org.openqa.selenium.remote.service.DriverCommandExecutor.execute(DriverCommandExecutor.java:142)
	at org.openqa.selenium.remote.RemoteWebDriver.execute(RemoteWebDriver.java:535)
	at org.openqa.selenium.remote.RemoteWebElement.execute(RemoteWebElement.java:257)
	at org.openqa.selenium.remote.RemoteWebElement.click(RemoteWebElement.java:78)
	at org.example.Pages.Page2.productSelection(Page2.java:31)
	at StepDefinition.Test2.user_selects_the_from_the_list(Test2.java:40)
	at ✽.User selects the &apos;ASALI KALA JEERA RICE (1KG)&apos; from the list(file:///C:/Users/kanag/IdeaProjects/CucumberExample/src/test/resources/Feature/Test2.feature:9)
... Removed 4 stack frames</pre></div><a href='#' onClick='toggleBox("stack-trace1142931081", this, "Click to show all stack frames", "Click to hide stack frames")'>Click to show all stack frames</a>
<div class='stack-trace' id='stack-trace1142931081'><pre>org.openqa.selenium.ElementClickInterceptedException: element click intercepted: Element &lt;a href=&quot;https://www.smartbazaar.co.uk/product/asali-kala-jeera-rice-1kg/&quot;&gt;...&lt;/a&gt; is not clickable at point (100, 512). Other element would receive the click: &lt;div id=&quot;cookie-law-info-bar&quot; data-nosnippet=&quot;true&quot; style=&quot;background-color: rgb(255, 255, 255); color: rgb(0, 0, 0); font-family: inherit; bottom: 0px; position: fixed; display: block;&quot;&gt;...&lt;/div&gt;
  (Session info: chrome=110.0.5481.177)
Build info: version: &apos;4.7.2&apos;, revision: &apos;4d4020c3b7&apos;
System info: os.name: &apos;Windows 10&apos;, os.arch: &apos;amd64&apos;, os.version: &apos;10.0&apos;, java.version: &apos;11.0.16.1&apos;
Driver info: org.openqa.selenium.chrome.ChromeDriver
Command: [1f028ebc547de04f76440d09f120466a, clickElement {id=f11f3f75-a2e9-4237-a775-c92ffc800845}]
Capabilities {acceptInsecureCerts: false, browserName: chrome, browserVersion: 110.0.5481.177, chrome: {chromedriverVersion: 110.0.5481.77 (65ed616c6e8e..., userDataDir: C:\Users\kanag\AppData\Loca...}, goog:chromeOptions: {debuggerAddress: localhost:61134}, networkConnectionEnabled: false, pageLoadStrategy: normal, platformName: WINDOWS, proxy: Proxy(), se:cdp: ws://localhost:61134/devtoo..., se:cdpVersion: 110.0.5481.177, setWindowRect: true, strictFileInteractability: false, timeouts: {implicit: 0, pageLoad: 300000, script: 30000}, unhandledPromptBehavior: dismiss and notify, webauthn:extension:credBlob: true, webauthn:extension:largeBlob: true, webauthn:virtualAuthenticators: true}
Element: [[[[ChromeDriver: chrome on WINDOWS (1f028ebc547de04f76440d09f120466a)] -&gt; xpath: //ul[@class=&apos;products columns-5&apos;]]] -&gt; xpath: .//li/div/div/div[3]/div/h4/a]
Session ID: 1f028ebc547de04f76440d09f120466a
	at java.base/jdk.internal.reflect.NativeConstructorAccessorImpl.newInstance0(Native Method)
	at java.base/jdk.internal.reflect.NativeConstructorAccessorImpl.newInstance(NativeConstructorAccessorImpl.java:62)
	at java.base/jdk.internal.reflect.DelegatingConstructorAccessorImpl.newInstance(DelegatingConstructorAccessorImpl.java:45)
	at java.base/java.lang.reflect.Constructor.newInstance(Constructor.java:490)
	at org.openqa.selenium.remote.codec.w3c.W3CHttpResponseCodec.createException(W3CHttpResponseCodec.java:200)
	at org.openqa.selenium.remote.codec.w3c.W3CHttpResponseCodec.decode(W3CHttpResponseCodec.java:133)
	at org.openqa.selenium.remote.codec.w3c.W3CHttpResponseCodec.decode(W3CHttpResponseCodec.java:53)
	at org.openqa.selenium.remote.HttpCommandExecutor.execute(HttpCommandExecutor.java:184)
	at org.openqa.selenium.remote.service.DriverCommandExecutor.invokeExecute(DriverCommandExecutor.java:167)
	at org.openqa.selenium.remote.service.DriverCommandExecutor.execute(DriverCommandExecutor.java:142)
	at org.openqa.selenium.remote.RemoteWebDriver.execute(RemoteWebDriver.java:535)
	at org.openqa.selenium.remote.RemoteWebElement.execute(RemoteWebElement.java:257)
	at org.openqa.selenium.remote.RemoteWebElement.click(RemoteWebElement.java:78)
	at org.example.Pages.Page2.productSelection(Page2.java:31)
	at StepDefinition.Test2.user_selects_the_from_the_list(Test2.java:40)
	at ✽.User selects the &apos;ASALI KALA JEERA RICE (1KG)&apos; from the list(file:///C:/Users/kanag/IdeaProjects/CucumberExample/src/test/resources/Feature/Test2.feature:9)
</pre></div></td>
<td>16</td>
<td>TestRunner.TestRunner1@ba54932</td></tr>
</table><p>
<table width='100%' border='1' class='invocation-passed'>
<tr><td colspan='4' align='center'><b>PASSED TESTS</b></td></tr>
<tr><td><b>Test method</b></td>
<td width="30%"><b>Exception</b></td>
<td width="10%"><b>Time (seconds)</b></td>
<td><b>Instance</b></td>
</tr>
<tr>
<td title='TestRunner.TestRunner1.runScenario()'><b>runScenario</b><br>Test class: TestRunner.TestRunner1<br>Test method: Runs Cucumber Scenarios<br>Parameters: "User checks the whether the application opens in browser or not", "Verifying the Title"<br/>
<a href="#Output-577127077" onClick='toggleBox("Output-577127077", this, "Show output", "Hide output");'>Show output</a>

<a href="#Output-577127077" onClick="toggleAllBoxes();">Show all outputs</a>
<div class='log' id="Output-577127077">
expected [Smartbazaar – World of Asian Foods] but found [Smartbazaar - World of Asian Foods]<br/>
Fail<br/>
</div>
</td>
<td></td>
<td>10</td>
<td>TestRunner.TestRunner1@ba54932</td></tr>
<tr>
<td title='TestRunner.TestRunner1.runScenario()'><b>runScenario</b><br>Test class: TestRunner.TestRunner1<br>Test method: Runs Cucumber Scenarios<br>Parameters: "User wants to search the products", "To check the Functionality of the screen"</td>
<td></td>
<td>19</td>
<td>TestRunner.TestRunner1@ba54932</td></tr>
</table><p>
</body>
</html>